#
# There is insufficient memory for the Java Runtime Environment to continue.
# Native memory allocation (malloc) failed to allocate 1219472 bytes for Chunk::new
# Possible reasons:
#   The system is out of physical RAM or swap space
#   The process is running with CompressedOops enabled, and the Java Heap may be blocking the growth of the native heap
# Possible solutions:
#   Reduce memory load on the system
#   Increase physical memory or swap space
#   Check if swap backing store is full
#   Decrease Java heap size (-Xmx/-Xms)
#   Decrease number of Java threads
#   Decrease Java thread stack sizes (-Xss)
#   Set larger code cache with -XX:ReservedCodeCacheSize=
#   JVM is running with Unscaled Compressed Oops mode in which the Java heap is
#     placed in the first 4GB address space. The Java Heap base address is the
#     maximum limit for the native heap growth. Please use -XX:HeapBaseMinAddress
#     to set the Java Heap base and to place the Java Heap above 4GB virtual address.
# This output file may be truncated or incomplete.
#
#  Out of Memory Error (allocation.cpp:389), pid=2056, tid=0x0000000000001f64
#
# JRE version: OpenJDK Runtime Environment (8.0_242-b01) (build 1.8.0_242-release-1644-b01)
# Java VM: OpenJDK 64-Bit Server VM (25.242-b01 mixed mode windows-amd64 compressed oops)
# Failed to write core dump. Minidumps are not enabled by default on client versions of Windows
#

---------------  T H R E A D  ---------------

Current thread (0x000000005779b800):  JavaThread "C2 CompilerThread0" daemon [_thread_in_native, id=8036, stack(0x0000000058120000,0x0000000058220000)]

Stack: [0x0000000058120000,0x0000000058220000]
[error occurred during error reporting (printing stack bounds), id 0xc0000005]

Native frames: (J=compiled Java code, j=interpreted, Vv=VM code, C=native code)


Current CompileTask:
C2:   8771 4432       4       sun.reflect.generics.parser.SignatureParser::parseFieldTypeSignature (73 bytes)


---------------  P R O C E S S  ---------------

Java Threads: ( => current thread )
  0x000000005e1e1800 JavaThread "Memory manager" [_thread_blocked, id=3068, stack(0x0000000061380000,0x0000000061480000)]
  0x000000005e1e1000 JavaThread "Build operations Thread 4" [_thread_blocked, id=7720, stack(0x000000005c0d0000,0x000000005c1d0000)]
  0x000000005e1e0000 JavaThread "Build operations Thread 3" [_thread_blocked, id=6064, stack(0x0000000060c40000,0x0000000060d40000)]
  0x000000005e1df800 JavaThread "Build operations Thread 2" [_thread_blocked, id=5908, stack(0x0000000060a20000,0x0000000060b20000)]
  0x000000005e1de800 JavaThread "Build operations" [_thread_blocked, id=3260, stack(0x000000005efd0000,0x000000005f0d0000)]
  0x000000005e1dc800 JavaThread "Cache worker for Artifact transforms cache (C:\Users\Administrator\.gradle\caches\transforms-1)" [_thread_blocked, id=6200, stack(0x0000000060300000,0x0000000060400000)]
  0x0000000059ed6000 JavaThread "Cache worker for file hash cache (C:\Users\Administrator\AndroidProject\yp_tz_shangmi_jiedanbao\.gradle\4.6\fileHashes)" [_thread_blocked, id=8148, stack(0x000000005c570000,0x000000005c670000)]
  0x0000000059ef4800 JavaThread "File lock request listener" [_thread_in_native, id=3008, stack(0x000000005c310000,0x000000005c410000)]
  0x0000000059e0d000 JavaThread "Cache worker for file hash cache (C:\Users\Administrator\.gradle\caches\4.6\fileHashes)" [_thread_blocked, id=6960, stack(0x000000005c1e0000,0x000000005c2e0000)]
  0x0000000059b41000 JavaThread "Stdin handler" [_thread_blocked, id=5472, stack(0x000000005ac20000,0x000000005ad20000)]
  0x0000000059b40000 JavaThread "Asynchronous log dispatcher for DefaultDaemonConnection: socket connection from /127.0.0.1:56645 to /127.0.0.1:56655" [_thread_blocked, id=6168, stack(0x000000005ae00000,0x000000005af00000)]
  0x00000000598fe000 JavaThread "Daemon worker" [_thread_in_Java, id=2012, stack(0x000000005ab20000,0x000000005ac20000)]
  0x00000000598fc000 JavaThread "Cancel handler" [_thread_blocked, id=3440, stack(0x000000005a920000,0x000000005aa20000)]
  0x0000000059968000 JavaThread "Handler for socket connection from /127.0.0.1:56645 to /127.0.0.1:56655" [_thread_in_native, id=7856, stack(0x0000000057dd0000,0x0000000057ed0000)]
  0x0000000059967000 JavaThread "Daemon" [_thread_blocked, id=7672, stack(0x000000005a550000,0x000000005a650000)]
  0x0000000057a26000 JavaThread "Daemon periodic checks" [_thread_blocked, id=1380, stack(0x000000005a150000,0x000000005a250000)]
  0x0000000057a34800 JavaThread "Incoming local TCP Connector on port 56645" [_thread_in_native, id=7380, stack(0x0000000058250000,0x0000000058350000)]
  0x00000000577e5800 JavaThread "Service Thread" daemon [_thread_blocked, id=3916, stack(0x00000000586b0000,0x00000000587b0000)]
  0x00000000577b8000 JavaThread "C1 CompilerThread2" daemon [_thread_blocked, id=8020, stack(0x00000000584e0000,0x00000000585e0000)]
  0x00000000577b4800 JavaThread "C2 CompilerThread1" daemon [_thread_in_native, id=4236, stack(0x0000000058350000,0x0000000058450000)]
=>0x000000005779b800 JavaThread "C2 CompilerThread0" daemon [_thread_in_native, id=8036, stack(0x0000000058120000,0x0000000058220000)]
  0x000000005633e000 JavaThread "Attach Listener" daemon [_thread_blocked, id=7324, stack(0x0000000057ed0000,0x0000000057fd0000)]
  0x000000005633d000 JavaThread "Signal Dispatcher" daemon [_thread_blocked, id=2712, stack(0x0000000057c80000,0x0000000057d80000)]
  0x000000005631e000 JavaThread "Finalizer" daemon [_thread_blocked, id=6696, stack(0x0000000057690000,0x0000000057790000)]
  0x0000000056317000 JavaThread "Reference Handler" daemon [_thread_blocked, id=6000, stack(0x0000000057510000,0x0000000057610000)]
  0x00000000024ae800 JavaThread "main" [_thread_blocked, id=1956, stack(0x0000000002810000,0x0000000002910000)]

Other Threads:
  0x00000000562cd800 VMThread [stack: 0x0000000057390000,0x0000000057490000] [id=6956]
  0x00000000577e6800 WatcherThread [stack: 0x00000000587e0000,0x00000000588e0000] [id=2788]

VM state:not at safepoint (normal execution)

VM Mutex/Monitor currently owned by a thread: None

heap address: 0x00000000a0000000, size: 1536 MB, Compressed Oops mode: 32-bit
Narrow klass base: 0x0000000000000000, Narrow klass shift: 0
Compressed class space size: 1073741824 Address: 0x0000000015940000

Heap:
 PSYoungGen      total 128000K, used 22580K [0x00000000e0000000, 0x00000000e8200000, 0x0000000100000000)
  eden space 122880K, 14% used [0x00000000e0000000,0x00000000e1110098,0x00000000e7800000)
  from space 5120K, 99% used [0x00000000e7800000,0x00000000e7cfd2e0,0x00000000e7d00000)
  to   space 5120K, 0% used [0x00000000e7d00000,0x00000000e7d00000,0x00000000e8200000)
 ParOldGen       total 60416K, used 28195K [0x00000000a0000000, 0x00000000a3b00000, 0x00000000e0000000)
  object space 60416K, 46% used [0x00000000a0000000,0x00000000a1b88e40,0x00000000a3b00000)
 Metaspace       used 45553K, capacity 46602K, committed 46808K, reserved 1089536K
  class space    used 6033K, capacity 6298K, committed 6400K, reserved 1048576K

Card table byte_map: [0x0000000011cd0000,0x0000000011fe0000] byte_map_base: 0x00000000117d0000

Marking Bits: (ParMarkBitMap*) 0x0000000069b8f030
 Begin Bits: [0x0000000012640000, 0x0000000013e40000)
 End Bits:   [0x0000000013e40000, 0x0000000015640000)

Polling page: 0x0000000000240000

CodeCache: size=245760Kb used=14270Kb max_used=15647Kb free=231489Kb
 bounds [0x0000000002910000, 0x0000000003870000, 0x0000000011910000]
 total_blobs=4932 nmethods=4186 adapters=658
 compilation: enabled

Compilation events (10 events):
Event: 8.761 Thread 0x00000000577b8000 4595       2       com.google.common.util.concurrent.AbstractFuture$Sync::isDone (16 bytes)
Event: 8.761 Thread 0x00000000577b8000 nmethod 4595 0x0000000002a571d0 code [0x0000000002a57320, 0x0000000002a57490]
Event: 8.762 Thread 0x00000000577b8000 4599       2       com.google.common.cache.LocalCache::rehash (49 bytes)
Event: 8.762 Thread 0x00000000577b8000 nmethod 4599 0x0000000002ad76d0 code [0x0000000002ad7820, 0x0000000002ad7990]
Event: 8.762 Thread 0x00000000577b8000 4598       2       java.util.ArrayDeque::getFirst (24 bytes)
Event: 8.762 Thread 0x00000000577b8000 nmethod 4598 0x0000000002b35250 code [0x0000000002b353c0, 0x0000000002b355e8]
Event: 8.763 Thread 0x00000000577b8000 4596       2       org.gradle.api.internal.DefaultNamedDomainObjectCollection$UnfilteredIndex::get (11 bytes)
Event: 8.763 Thread 0x00000000577b8000 nmethod 4596 0x0000000002b1e690 code [0x0000000002b1e800, 0x0000000002b1e988]
Event: 8.763 Thread 0x00000000577b8000 4597       1       com.google.common.collect.LinkedHashMultimap$ValueEntry::getSuccessorInValueSet (5 bytes)
Event: 8.763 Thread 0x00000000577b8000 nmethod 4597 0x0000000002cd07d0 code [0x0000000002cd0920, 0x0000000002cd0a30]

GC Heap History (10 events):
Event: 3.600 GC heap before
{Heap before GC invocations=5 (full 1):
 PSYoungGen      total 128000K, used 5096K [0x00000000e0000000, 0x00000000e8200000, 0x0000000100000000)
  eden space 122880K, 0% used [0x00000000e0000000,0x00000000e0000000,0x00000000e7800000)
  from space 5120K, 99% used [0x00000000e7d00000,0x00000000e81fa050,0x00000000e8200000)
  to   space 5120K, 0% used [0x00000000e7800000,0x00000000e7800000,0x00000000e7d00000)
 ParOldGen       total 81920K, used 9841K [0x00000000a0000000, 0x00000000a5000000, 0x00000000e0000000)
  object space 81920K, 12% used [0x00000000a0000000,0x00000000a099c680,0x00000000a5000000)
 Metaspace       used 20688K, capacity 21192K, committed 21248K, reserved 1067008K
  class space    used 2902K, capacity 3051K, committed 3072K, reserved 1048576K
Event: 3.647 GC heap after
Heap after GC invocations=5 (full 1):
 PSYoungGen      total 128000K, used 0K [0x00000000e0000000, 0x00000000e8200000, 0x0000000100000000)
  eden space 122880K, 0% used [0x00000000e0000000,0x00000000e0000000,0x00000000e7800000)
  from space 5120K, 0% used [0x00000000e7d00000,0x00000000e7d00000,0x00000000e8200000)
  to   space 5120K, 0% used [0x00000000e7800000,0x00000000e7800000,0x00000000e7d00000)
 ParOldGen       total 60416K, used 9982K [0x00000000a0000000, 0x00000000a3b00000, 0x00000000e0000000)
  object space 60416K, 16% used [0x00000000a0000000,0x00000000a09bfa00,0x00000000a3b00000)
 Metaspace       used 20688K, capacity 21192K, committed 21248K, reserved 1067008K
  class space    used 2902K, capacity 3051K, committed 3072K, reserved 1048576K
}
Event: 5.905 GC heap before
{Heap before GC invocations=6 (full 1):
 PSYoungGen      total 128000K, used 122880K [0x00000000e0000000, 0x00000000e8200000, 0x0000000100000000)
  eden space 122880K, 100% used [0x00000000e0000000,0x00000000e7800000,0x00000000e7800000)
  from space 5120K, 0% used [0x00000000e7d00000,0x00000000e7d00000,0x00000000e8200000)
  to   space 5120K, 0% used [0x00000000e7800000,0x00000000e7800000,0x00000000e7d00000)
 ParOldGen       total 60416K, used 9982K [0x00000000a0000000, 0x00000000a3b00000, 0x00000000e0000000)
  object space 60416K, 16% used [0x00000000a0000000,0x00000000a09bfa00,0x00000000a3b00000)
 Metaspace       used 31244K, capacity 31964K, committed 32000K, reserved 1077248K
  class space    used 4166K, capacity 4327K, committed 4352K, reserved 1048576K
Event: 5.937 GC heap after
Heap after GC invocations=6 (full 1):
 PSYoungGen      total 128000K, used 5104K [0x00000000e0000000, 0x00000000e8200000, 0x0000000100000000)
  eden space 122880K, 0% used [0x00000000e0000000,0x00000000e0000000,0x00000000e7800000)
  from space 5120K, 99% used [0x00000000e7800000,0x00000000e7cfc090,0x00000000e7d00000)
  to   space 5120K, 0% used [0x00000000e7d00000,0x00000000e7d00000,0x00000000e8200000)
 ParOldGen       total 60416K, used 18164K [0x00000000a0000000, 0x00000000a3b00000, 0x00000000e0000000)
  object space 60416K, 30% used [0x00000000a0000000,0x00000000a11bd1e0,0x00000000a3b00000)
 Metaspace       used 31244K, capacity 31964K, committed 32000K, reserved 1077248K
  class space    used 4166K, capacity 4327K, committed 4352K, reserved 1048576K
}
Event: 7.094 GC heap before
{Heap before GC invocations=7 (full 1):
 PSYoungGen      total 128000K, used 75436K [0x00000000e0000000, 0x00000000e8200000, 0x0000000100000000)
  eden space 122880K, 57% used [0x00000000e0000000,0x00000000e44af358,0x00000000e7800000)
  from space 5120K, 99% used [0x00000000e7800000,0x00000000e7cfc090,0x00000000e7d00000)
  to   space 5120K, 0% used [0x00000000e7d00000,0x00000000e7d00000,0x00000000e8200000)
 ParOldGen       total 60416K, used 18164K [0x00000000a0000000, 0x00000000a3b00000, 0x00000000e0000000)
  object space 60416K, 30% used [0x00000000a0000000,0x00000000a11bd1e0,0x00000000a3b00000)
 Metaspace       used 34462K, capacity 35314K, committed 35416K, reserved 1079296K
  class space    used 4683K, capacity 4908K, committed 4992K, reserved 1048576K
Event: 7.105 GC heap after
Heap after GC invocations=7 (full 1):
 PSYoungGen      total 128000K, used 5108K [0x00000000e0000000, 0x00000000e8200000, 0x0000000100000000)
  eden space 122880K, 0% used [0x00000000e0000000,0x00000000e0000000,0x00000000e7800000)
  from space 5120K, 99% used [0x00000000e7d00000,0x00000000e81fd090,0x00000000e8200000)
  to   space 5120K, 0% used [0x00000000e7800000,0x00000000e7800000,0x00000000e7d00000)
 ParOldGen       total 60416K, used 24210K [0x00000000a0000000, 0x00000000a3b00000, 0x00000000e0000000)
  object space 60416K, 40% used [0x00000000a0000000,0x00000000a17a4888,0x00000000a3b00000)
 Metaspace       used 34462K, capacity 35314K, committed 35416K, reserved 1079296K
  class space    used 4683K, capacity 4908K, committed 4992K, reserved 1048576K
}
Event: 7.105 GC heap before
{Heap before GC invocations=8 (full 2):
 PSYoungGen      total 128000K, used 5108K [0x00000000e0000000, 0x00000000e8200000, 0x0000000100000000)
  eden space 122880K, 0% used [0x00000000e0000000,0x00000000e0000000,0x00000000e7800000)
  from space 5120K, 99% used [0x00000000e7d00000,0x00000000e81fd090,0x00000000e8200000)
  to   space 5120K, 0% used [0x00000000e7800000,0x00000000e7800000,0x00000000e7d00000)
 ParOldGen       total 60416K, used 24210K [0x00000000a0000000, 0x00000000a3b00000, 0x00000000e0000000)
  object space 60416K, 40% used [0x00000000a0000000,0x00000000a17a4888,0x00000000a3b00000)
 Metaspace       used 34462K, capacity 35314K, committed 35416K, reserved 1079296K
  class space    used 4683K, capacity 4908K, committed 4992K, reserved 1048576K
Event: 7.213 GC heap after
Heap after GC invocations=8 (full 2):
 PSYoungGen      total 128000K, used 0K [0x00000000e0000000, 0x00000000e8200000, 0x0000000100000000)
  eden space 122880K, 0% used [0x00000000e0000000,0x00000000e0000000,0x00000000e7800000)
  from space 5120K, 0% used [0x00000000e7d00000,0x00000000e7d00000,0x00000000e8200000)
  to   space 5120K, 0% used [0x00000000e7800000,0x00000000e7800000,0x00000000e7d00000)
 ParOldGen       total 60416K, used 19384K [0x00000000a0000000, 0x00000000a3b00000, 0x00000000e0000000)
  object space 60416K, 32% used [0x00000000a0000000,0x00000000a12ee220,0x00000000a3b00000)
 Metaspace       used 34416K, capacity 35214K, committed 35416K, reserved 1079296K
  class space    used 4672K, capacity 4896K, committed 4992K, reserved 1048576K
}
Event: 8.578 GC heap before
{Heap before GC invocations=9 (full 2):
 PSYoungGen      total 128000K, used 122880K [0x00000000e0000000, 0x00000000e8200000, 0x0000000100000000)
  eden space 122880K, 100% used [0x00000000e0000000,0x00000000e7800000,0x00000000e7800000)
  from space 5120K, 0% used [0x00000000e7d00000,0x00000000e7d00000,0x00000000e8200000)
  to   space 5120K, 0% used [0x00000000e7800000,0x00000000e7800000,0x00000000e7d00000)
 ParOldGen       total 60416K, used 19384K [0x00000000a0000000, 0x00000000a3b00000, 0x00000000e0000000)
  object space 60416K, 32% used [0x00000000a0000000,0x00000000a12ee220,0x00000000a3b00000)
 Metaspace       used 44432K, capacity 45474K, committed 45656K, reserved 1089536K
  class space    used 5903K, capacity 6198K, committed 6272K, reserved 1048576K
Event: 8.593 GC heap after
Heap after GC invocations=9 (full 2):
 PSYoungGen      total 128000K, used 5108K [0x00000000e0000000, 0x00000000e8200000, 0x0000000100000000)
  eden space 122880K, 0% used [0x00000000e0000000,0x00000000e0000000,0x00000000e7800000)
  from space 5120K, 99% used [0x00000000e7800000,0x00000000e7cfd2e0,0x00000000e7d00000)
  to   space 5120K, 0% used [0x00000000e7d00000,0x00000000e7d00000,0x00000000e8200000)
 ParOldGen       total 60416K, used 28195K [0x00000000a0000000, 0x00000000a3b00000, 0x00000000e0000000)
  object space 60416K, 46% used [0x00000000a0000000,0x00000000a1b88e40,0x00000000a3b00000)
 Metaspace       used 44432K, capacity 45474K, committed 45656K, reserved 1089536K
  class space    used 5903K, capacity 6198K, committed 6272K, reserved 1048576K
}

Deoptimization events (10 events):
Event: 8.190 Thread 0x00000000598fe000 Uncommon trap: reason=unstable_if action=reinterpret pc=0x0000000003139644 method=java.util.jar.JarFile.maybeInstantiateVerifier()V @ 75
Event: 8.195 Thread 0x00000000598fe000 Uncommon trap: reason=unstable_if action=reinterpret pc=0x00000000035dc59c method=java.lang.ThreadLocal.get()Ljava/lang/Object; @ 11
Event: 8.218 Thread 0x00000000598fe000 Uncommon trap: reason=unstable_if action=reinterpret pc=0x0000000002da63ec method=java.lang.CharacterDataLatin1.isWhitespace(I)Z @ 14
Event: 8.243 Thread 0x00000000598fe000 Uncommon trap: reason=unstable_if action=reinterpret pc=0x00000000035e7c4c method=java.util.jar.JarFile.maybeInstantiateVerifier()V @ 4
Event: 8.244 Thread 0x00000000598fe000 Uncommon trap: reason=unstable_if action=reinterpret pc=0x0000000003614ac4 method=java.util.jar.JarFile.maybeInstantiateVerifier()V @ 4
Event: 8.245 Thread 0x00000000598fe000 Uncommon trap: reason=unstable_if action=reinterpret pc=0x0000000002e768dc method=java.security.CodeSource.getCertificates()[Ljava/security/cert/Certificate; @ 22
Event: 8.245 Thread 0x00000000598fe000 Uncommon trap: reason=unstable_if action=reinterpret pc=0x0000000002a2eb98 method=java.security.CodeSource.matchCerts(Ljava/security/CodeSource;Z)Z @ 11
Event: 8.262 Thread 0x00000000598fe000 Uncommon trap: reason=unstable_if action=reinterpret pc=0x00000000034f3ce8 method=java.util.LinkedHashMap.get(Ljava/lang/Object;)Ljava/lang/Object; @ 20
Event: 8.329 Thread 0x00000000598fe000 Uncommon trap: reason=unstable_if action=reinterpret pc=0x0000000003245cdc method=org.objectweb.asm.ByteVector.putUTF8(Ljava/lang/String;)Lorg/objectweb/asm/ByteVector; @ 91
Event: 8.401 Thread 0x00000000598fe000 Uncommon trap: reason=unstable_if action=reinterpret pc=0x00000000030e8e98 method=org.objectweb.asm.ByteVector.putUTF8(Ljava/lang/String;)Lorg/objectweb/asm/ByteVector; @ 91

Classes redefined (0 events):
No events

Internal exceptions (10 events):
Event: 8.430 Thread 0x00000000598fe000 Exception <a 'java/lang/ClassNotFoundException': com/android/build/gradle/internal/api/DefaultAndroidSourceSetCustomizer> (0x00000000e6dcfdc8) thrown at [C:\src\AOSP-openjdk-git\hotspot\src\share\vm\classfile\systemDictionary.cpp, line 210]
Event: 8.431 Thread 0x00000000598fe000 Exception <a 'java/lang/ClassNotFoundException': com/android/build/gradle/internal/api/DefaultAndroidSourceSet_DecoratedCustomizer> (0x00000000e6e47128) thrown at [C:\src\AOSP-openjdk-git\hotspot\src\share\vm\classfile\systemDictionary.cpp, line 210]
Event: 8.714 Thread 0x00000000598fe000 Exception <a 'java/lang/ClassNotFoundException': com/android/build/gradle/internal/dsl/BuildType_DecoratedBeanInfo> (0x00000000e0a83358) thrown at [C:\src\AOSP-openjdk-git\hotspot\src\share\vm\classfile\systemDictionary.cpp, line 210]
Event: 8.714 Thread 0x00000000598fe000 Exception <a 'java/lang/ClassNotFoundException': com/android/build/gradle/internal/dsl/BuildTypeBeanInfo> (0x00000000e0a9c378) thrown at [C:\src\AOSP-openjdk-git\hotspot\src\share\vm\classfile\systemDictionary.cpp, line 210]
Event: 8.714 Thread 0x00000000598fe000 Exception <a 'java/lang/ClassNotFoundException': com/android/builder/core/DefaultBuildTypeBeanInfo> (0x00000000e0ab3780) thrown at [C:\src\AOSP-openjdk-git\hotspot\src\share\vm\classfile\systemDictionary.cpp, line 210]
Event: 8.715 Thread 0x00000000598fe000 Exception <a 'java/lang/ClassNotFoundException': com/android/builder/internal/BaseConfigImplBeanInfo> (0x00000000e0acbf80) thrown at [C:\src\AOSP-openjdk-git\hotspot\src\share\vm\classfile\systemDictionary.cpp, line 210]
Event: 8.715 Thread 0x00000000598fe000 Exception <a 'java/lang/ClassNotFoundException': com/android/builder/internal/BaseConfigImplCustomizer> (0x00000000e0ae4cf8) thrown at [C:\src\AOSP-openjdk-git\hotspot\src\share\vm\classfile\systemDictionary.cpp, line 210]
Event: 8.716 Thread 0x00000000598fe000 Exception <a 'java/lang/ClassNotFoundException': com/android/builder/core/DefaultBuildTypeCustomizer> (0x00000000e0b22d48) thrown at [C:\src\AOSP-openjdk-git\hotspot\src\share\vm\classfile\systemDictionary.cpp, line 210]
Event: 8.717 Thread 0x00000000598fe000 Exception <a 'java/lang/ClassNotFoundException': com/android/build/gradle/internal/dsl/BuildTypeCustomizer> (0x00000000e0b56b18) thrown at [C:\src\AOSP-openjdk-git\hotspot\src\share\vm\classfile\systemDictionary.cpp, line 210]
Event: 8.718 Thread 0x00000000598fe000 Exception <a 'java/lang/ClassNotFoundException': com/android/build/gradle/internal/dsl/BuildType_DecoratedCustomizer> (0x00000000e0baf5e0) thrown at [C:\src\AOSP-openjdk-git\hotspot\src\share\vm\classfile\systemDictionary.cpp, line 210]

Events (10 events):
Event: 8.763 loading class com/android/build/gradle/tasks/LintFixTask
Event: 8.763 loading class com/android/build/gradle/tasks/LintFixTask done
Event: 8.763 loading class com/android/build/gradle/tasks/LintFixTask
Event: 8.763 loading class com/android/build/gradle/tasks/LintFixTask done
Event: 8.763 loading class org/gradle/api/Action
Event: 8.763 loading class org/gradle/api/Action done
Event: 8.763 Thread 0x00000000577b8000 flushing nmethod 0x0000000003306210
Event: 8.763 Thread 0x00000000577b8000 flushing nmethod 0x00000000033af410
Event: 8.767 loading class com/android/build/gradle/tasks/CleanBuildCache$ConfigAction
Event: 8.767 loading class com/android/build/gradle/tasks/CleanBuildCache$ConfigAction done


Dynamic libraries:
0x000000013fc50000 - 0x000000013fc81000 	C:\Program Files\Android\Android Studio\jre\bin\java.exe
0x00000000776e0000 - 0x000000007788a000 	C:\Windows\SYSTEM32\ntdll.dll
0x00000000775c0000 - 0x00000000776df000 	C:\Windows\system32\kernel32.dll
0x000007fefdbf0000 - 0x000007fefdc5a000 	C:\Windows\system32\KERNELBASE.dll
0x000007fefe500000 - 0x000007fefe5db000 	C:\Windows\system32\ADVAPI32.DLL
0x000007fefdf20000 - 0x000007fefdfbf000 	C:\Windows\system32\msvcrt.dll
0x000007fefe5e0000 - 0x000007fefe5ff000 	C:\Windows\SYSTEM32\sechost.dll
0x000007fefe1f0000 - 0x000007fefe31d000 	C:\Windows\system32\RPCRT4.dll
0x0000000077000000 - 0x00000000770fa000 	C:\Windows\system32\USER32.dll
0x000007feff980000 - 0x000007feff9e7000 	C:\Windows\system32\GDI32.dll
0x000007fefdf10000 - 0x000007fefdf1e000 	C:\Windows\system32\LPK.dll
0x000007fefe0f0000 - 0x000007fefe1ba000 	C:\Windows\system32\USP10.dll
0x000007fefbe80000 - 0x000007fefc074000 	C:\Windows\WinSxS\amd64_microsoft.windows.common-controls_6595b64144ccf1df_6.0.7601.18837_none_fa3b1e3d17594757\COMCTL32.dll
0x000007fefea10000 - 0x000007fefea81000 	C:\Windows\system32\SHLWAPI.dll
0x000007fefe0c0000 - 0x000007fefe0ee000 	C:\Windows\system32\IMM32.DLL
0x000007fefe810000 - 0x000007fefe919000 	C:\Windows\system32\MSCTF.dll
0x000000006cfd0000 - 0x000000006d0a2000 	C:\Program Files\Android\Android Studio\jre\jre\bin\msvcr100.dll
0x00000000693c0000 - 0x0000000069c0b000 	C:\Program Files\Android\Android Studio\jre\jre\bin\server\jvm.dll
0x000007fef7620000 - 0x000007fef7629000 	C:\Windows\system32\WSOCK32.dll
0x000007fefe920000 - 0x000007fefe96d000 	C:\Windows\system32\WS2_32.dll
0x000007fefe1e0000 - 0x000007fefe1e8000 	C:\Windows\system32\NSI.dll
0x000007fef8ef0000 - 0x000007fef8f2b000 	C:\Windows\system32\WINMM.dll
0x000007fefcca0000 - 0x000007fefccac000 	C:\Windows\system32\VERSION.dll
0x00000000778b0000 - 0x00000000778b7000 	C:\Windows\system32\PSAPI.DLL
0x000007fef7f80000 - 0x000007fef7f8f000 	C:\Program Files\Android\Android Studio\jre\jre\bin\verify.dll
0x000007fef5b90000 - 0x000007fef5bb9000 	C:\Program Files\Android\Android Studio\jre\jre\bin\java.dll
0x000007fef7600000 - 0x000007fef7616000 	C:\Program Files\Android\Android Studio\jre\jre\bin\zip.dll
0x000007fefeb70000 - 0x000007feff8fc000 	C:\Windows\system32\SHELL32.dll
0x000007fefe600000 - 0x000007fefe803000 	C:\Windows\system32\ole32.dll
0x000007fefdb40000 - 0x000007fefdb4f000 	C:\Windows\system32\profapi.dll
0x000007fef5b70000 - 0x000007fef5b8a000 	C:\Program Files\Android\Android Studio\jre\jre\bin\net.dll
0x000007fefd370000 - 0x000007fefd3c5000 	C:\Windows\system32\mswsock.dll
0x000007fefd360000 - 0x000007fefd367000 	C:\Windows\System32\wship6.dll
0x000007fef1a60000 - 0x000007fef1a73000 	C:\Program Files\Android\Android Studio\jre\jre\bin\nio.dll
0x000007feef300000 - 0x000007feef31e000 	C:\Users\Administrator\.gradle\native\25\windows-amd64\native-platform.dll
0x000007fef75d0000 - 0x000007fef75dd000 	C:\Program Files\Android\Android Studio\jre\jre\bin\management.dll
0x000007fefd3d0000 - 0x000007fefd3e8000 	C:\Windows\system32\CRYPTSP.dll
0x000007fefd0d0000 - 0x000007fefd117000 	C:\Windows\system32\rsaenh.dll
0x000007fefce80000 - 0x000007fefce9e000 	C:\Windows\system32\USERENV.dll
0x000007fefda30000 - 0x000007fefda3f000 	C:\Windows\system32\CRYPTBASE.dll
0x000007fefb260000 - 0x000007fefb287000 	C:\Windows\system32\IPHLPAPI.DLL
0x000007fefb250000 - 0x000007fefb25b000 	C:\Windows\system32\WINNSI.DLL
0x000007fef9e50000 - 0x000007fef9e61000 	C:\Windows\system32\dhcpcsvc6.DLL
0x000007fef9e30000 - 0x000007fef9e48000 	C:\Windows\system32\dhcpcsvc.DLL

VM Arguments:
jvm_args: -Xmx1536m -Dfile.encoding=GBK -Duser.country=CN -Duser.language=zh -Duser.variant 
java_command: org.gradle.launcher.daemon.bootstrap.GradleDaemon 4.6
java_class_path (initial): C:\Users\Administrator\.gradle\wrapper\dists\gradle-4.6-all\bcst21l2brirad8k2ben1letg\gradle-4.6\lib\gradle-launcher-4.6.jar
Launcher Type: SUN_STANDARD

Environment Variables:
JAVA_HOME=C:\Program Files\Java\jdk-15.0.1
CLASSPATH= .;C:\Program Files\Java\jdk-15.0.1\lib;C:\Program Files\Java\jdk-15.0.1\lib\tools.jar
PATH=C:\Program Files\Common Files\Oracle\Java\javapath;C:\Windows\system32;C:\Windows;C:\Windows\System32\Wbem;C:\Windows\System32\WindowsPowerShell\v1.0\;C:\Program Files\Java\jdk-15.0.1\bin;C:\Program Files\Java\jdk-15.0.1\jre\bin;C:\Program Files\Git\cmd
USERNAME=Administrator
OS=Windows_NT
PROCESSOR_IDENTIFIER=Intel64 Family 6 Model 60 Stepping 3, GenuineIntel



---------------  S Y S T E M  ---------------

OS: Windows 7 , 64 bit Build 7601 (6.1.7601.23418)

CPU:total 4 (initial active 4) (4 cores per cpu, 1 threads per core) family 6 model 60 stepping 3, cmov, cx8, fxsr, mmx, sse, sse2, sse3, ssse3, sse4.1, sse4.2, popcnt, avx, avx2, aes, clmul, erms, lzcnt, tsc, tscinvbit, bmi1, bmi2

Memory: 4k page, physical 7819368k(456588k free), swap 7819368k(5540k free)

vm_info: OpenJDK 64-Bit Server VM (25.242-b01) for windows-amd64 JRE (1.8.0_242-release-1644-b01), built by "builder" with MS VC++ 10.0 (VS2010)

time: Mon Nov 30 14:40:54 2020
timezone: 中国标准时间
elapsed time: 8 seconds (0d 0h 0m 8s)

