#
# There is insufficient memory for the Java Runtime Environment to continue.
# Native memory allocation (malloc) failed to allocate 1078736 bytes for Chunk::new
# Possible reasons:
#   The system is out of physical RAM or swap space
#   The process is running with CompressedOops enabled, and the Java Heap may be blocking the growth of the native heap
# Possible solutions:
#   Reduce memory load on the system
#   Increase physical memory or swap space
#   Check if swap backing store is full
#   Decrease Java heap size (-Xmx/-Xms)
#   Decrease number of Java threads
#   Decrease Java thread stack sizes (-Xss)
#   Set larger code cache with -XX:ReservedCodeCacheSize=
#   JVM is running with Unscaled Compressed Oops mode in which the Java heap is
#     placed in the first 4GB address space. The Java Heap base address is the
#     maximum limit for the native heap growth. Please use -XX:HeapBaseMinAddress
#     to set the Java Heap base and to place the Java Heap above 4GB virtual address.
# This output file may be truncated or incomplete.
#
#  Out of Memory Error (allocation.cpp:389), pid=5824, tid=0x0000000000001e90
#
# JRE version: OpenJDK Runtime Environment (8.0_242-b01) (build 1.8.0_242-release-1644-b01)
# Java VM: OpenJDK 64-Bit Server VM (25.242-b01 mixed mode windows-amd64 compressed oops)
# Failed to write core dump. Minidumps are not enabled by default on client versions of Windows
#

---------------  T H R E A D  ---------------

Current thread (0x0000000017b43000):  JavaThread "C2 CompilerThread1" daemon [_thread_in_native, id=7824, stack(0x0000000018420000,0x0000000018520000)]

Stack: [0x0000000018420000,0x0000000018520000]
[error occurred during error reporting (printing stack bounds), id 0xc0000005]

Native frames: (J=compiled Java code, j=interpreted, Vv=VM code, C=native code)


Current CompileTask:
C2: 676948 15654       4       com.android.utils.XmlUtils::append (540 bytes)


---------------  P R O C E S S  ---------------

Java Threads: ( => current thread )
  0x0000000023520000 JavaThread "stdout" daemon [_thread_in_native, id=4516, stack(0x00000000273e0000,0x00000000274e0000)]
  0x000000002351f800 JavaThread "stderr" daemon [_thread_in_native, id=5944, stack(0x0000000027260000,0x0000000027360000)]
  0x000000002351e800 JavaThread "stdout" daemon [_thread_in_native, id=7484, stack(0x0000000027b60000,0x0000000027c60000)]
  0x000000002351e000 JavaThread "stderr" daemon [_thread_in_native, id=8032, stack(0x00000000279d0000,0x0000000027ad0000)]
  0x000000002351d000 JavaThread "stdout" daemon [_thread_in_native, id=7932, stack(0x0000000025da0000,0x0000000025ea0000)]
  0x000000001ee07000 JavaThread "stderr" daemon [_thread_in_native, id=5684, stack(0x0000000027160000,0x0000000027260000)]
  0x000000001f07a800 JavaThread "pool-4-thread-1" [_thread_blocked, id=760, stack(0x0000000026fc0000,0x00000000270c0000)]
  0x000000001f079000 JavaThread "MarlinRenderer Disposer" daemon [_thread_blocked, id=5260, stack(0x0000000026ca0000,0x0000000026da0000)]
  0x000000001f078000 JavaThread "Java2D Disposer" daemon [_thread_blocked, id=3304, stack(0x0000000026af0000,0x0000000026bf0000)]
  0x000000001f076800 JavaThread "ForkJoinPool.commonPool-worker-3" daemon [_thread_blocked, id=8064, stack(0x00000000268e0000,0x00000000269e0000)]
  0x000000001f076000 JavaThread "ForkJoinPool.commonPool-worker-2" daemon [_thread_blocked, id=3960, stack(0x0000000025fa0000,0x00000000260a0000)]
  0x000000001f075000 JavaThread "ForkJoinPool.commonPool-worker-1" daemon [_thread_blocked, id=7648, stack(0x00000000266c0000,0x00000000267c0000)]
  0x000000001ee05800 JavaThread "Task worker for ':' Thread 3" [_thread_blocked, id=7636, stack(0x00000000260d0000,0x00000000261d0000)]
  0x000000001ee05000 JavaThread "Task worker for ':' Thread 2" [_thread_blocked, id=5268, stack(0x0000000025ea0000,0x0000000025fa0000)]
  0x000000001ee04000 JavaThread "Task worker for ':'" [_thread_blocked, id=6136, stack(0x0000000025ca0000,0x0000000025da0000)]
  0x000000001ee03800 JavaThread "Cache worker for Build Output Cleanup Cache (C:\Users\Administrator\AndroidProject\yp_jiedanbao\.gradle\buildOutputCleanup)" [_thread_blocked, id=5320, stack(0x0000000025ba0000,0x0000000025ca0000)]
  0x000000001ee02800 JavaThread "Cache worker for task history cache (C:\Users\Administrator\AndroidProject\yp_jiedanbao\.gradle\4.6\taskHistory)" [_thread_blocked, id=3836, stack(0x0000000025a30000,0x0000000025b30000)]
  0x000000001ee02000 JavaThread "Cache worker for file content cache (C:\Users\Administrator\AndroidProject\yp_jiedanbao\.gradle\4.6\fileContent)" [_thread_blocked, id=6164, stack(0x0000000021f50000,0x0000000022050000)]
  0x000000001ee01000 JavaThread "Build operations Thread 4" [_thread_blocked, id=7920, stack(0x0000000021650000,0x0000000021750000)]
  0x000000001ee00800 JavaThread "Build operations Thread 3" [_thread_blocked, id=6704, stack(0x0000000020c90000,0x0000000020d90000)]
  0x000000001f06e800 JavaThread "Build operations Thread 2" [_thread_blocked, id=7288, stack(0x000000001ebd0000,0x000000001ecd0000)]
  0x000000001f06e000 JavaThread "Build operations" [_thread_blocked, id=3372, stack(0x0000000020890000,0x0000000020990000)]
  0x000000001f06d000 JavaThread "Cache worker for Artifact transforms cache (C:\Users\Administrator\.gradle\caches\transforms-1)" [_thread_blocked, id=5532, stack(0x00000000187a0000,0x00000000188a0000)]
  0x000000001f06c800 JavaThread "Cache worker for file hash cache (C:\Users\Administrator\AndroidProject\yp_jiedanbao\.gradle\4.6\fileHashes)" [_thread_blocked, id=6352, stack(0x0000000020550000,0x0000000020650000)]
  0x000000001f06b800 JavaThread "Stdin handler" [_thread_blocked, id=3488, stack(0x000000001bfc0000,0x000000001c0c0000)]
  0x000000001f06a000 JavaThread "Asynchronous log dispatcher for DefaultDaemonConnection: socket connection from /127.0.0.1:56073 to /127.0.0.1:56161" [_thread_blocked, id=4712, stack(0x000000001c220000,0x000000001c320000)]
  0x000000001ceb9800 JavaThread "Daemon worker Thread 2" [_thread_blocked, id=4860, stack(0x0000000018310000,0x0000000018410000)]
  0x000000001ceb6000 JavaThread "Cancel handler" [_thread_blocked, id=6560, stack(0x000000001bc10000,0x000000001bd10000)]
  0x000000001ceba800 JavaThread "Handler for socket connection from /127.0.0.1:56073 to /127.0.0.1:56161" [_thread_in_native, id=8120, stack(0x000000001b890000,0x000000001b990000)]
  0x000000001ceb9000 JavaThread "Daemon Thread 2" [_thread_blocked, id=4748, stack(0x000000001b760000,0x000000001b860000)]
  0x000000001f069800 JavaThread "pool-1-thread-1" [_thread_blocked, id=5592, stack(0x00000000256f0000,0x00000000257f0000)]
  0x000000001f068800 JavaThread "Memory manager" [_thread_blocked, id=7112, stack(0x0000000021e40000,0x0000000021f40000)]
  0x0000000017ee7800 JavaThread "File lock request listener" [_thread_in_native, id=5132, stack(0x000000001c340000,0x000000001c440000)]
  0x000000001a42b800 JavaThread "Cache worker for file hash cache (C:\Users\Administrator\.gradle\caches\4.6\fileHashes)" [_thread_blocked, id=6280, stack(0x000000001c0d0000,0x000000001c1d0000)]
  0x0000000018ae1800 JavaThread "Daemon periodic checks" [_thread_blocked, id=5632, stack(0x000000001b4f0000,0x000000001b5f0000)]
  0x0000000018ae5800 JavaThread "Incoming local TCP Connector on port 56073" [_thread_in_native, id=4232, stack(0x0000000018590000,0x0000000018690000)]
  0x0000000017bb9800 JavaThread "Service Thread" daemon [_thread_blocked, id=6640, stack(0x00000000186a0000,0x00000000187a0000)]
  0x0000000017b4c000 JavaThread "C1 CompilerThread2" daemon [_thread_blocked, id=7356, stack(0x0000000017f20000,0x0000000018020000)]
=>0x0000000017b43000 JavaThread "C2 CompilerThread1" daemon [_thread_in_native, id=7824, stack(0x0000000018420000,0x0000000018520000)]
  0x0000000017b2e000 JavaThread "C2 CompilerThread0" daemon [_thread_in_native, id=6452, stack(0x0000000018210000,0x0000000018310000)]
  0x0000000017b18800 JavaThread "Attach Listener" daemon [_thread_blocked, id=6996, stack(0x0000000018020000,0x0000000018120000)]
  0x00000000165bd000 JavaThread "Signal Dispatcher" daemon [_thread_blocked, id=5664, stack(0x0000000017560000,0x0000000017660000)]
  0x00000000165aa800 JavaThread "Finalizer" daemon [_thread_blocked, id=5264, stack(0x0000000017a10000,0x0000000017b10000)]
  0x00000000165a3800 JavaThread "Reference Handler" daemon [_thread_blocked, id=3132, stack(0x0000000017860000,0x0000000017960000)]
  0x000000000259e800 JavaThread "main" [_thread_blocked, id=8116, stack(0x0000000002900000,0x0000000002a00000)]

Other Threads:
  0x000000001655a000 VMThread [stack: 0x0000000017690000,0x0000000017790000] [id=6384]
  0x0000000017bba800 WatcherThread [stack: 0x00000000188a0000,0x00000000189a0000] [id=3860]

VM state:not at safepoint (normal execution)

VM Mutex/Monitor currently owned by a thread: None

heap address: 0x00000000a0000000, size: 1536 MB, Compressed Oops mode: 32-bit
Narrow klass base: 0x0000000000000000, Narrow klass shift: 3
Compressed class space size: 1073741824 Address: 0x000000013f7d0000

Heap:
 PSYoungGen      total 479744K, used 276032K [0x00000000e0000000, 0x0000000100000000, 0x0000000100000000)
  eden space 455680K, 55% used [0x00000000e0000000,0x00000000ef616278,0x00000000fbd00000)
  from space 24064K, 99% used [0x00000000fd100000,0x00000000fe879f18,0x00000000fe880000)
  to   space 24064K, 0% used [0x00000000fe880000,0x00000000fe880000,0x0000000100000000)
 ParOldGen       total 130048K, used 67782K [0x00000000a0000000, 0x00000000a7f00000, 0x00000000e0000000)
  object space 130048K, 52% used [0x00000000a0000000,0x00000000a4231920,0x00000000a7f00000)
 Metaspace       used 82264K, capacity 84940K, committed 85208K, reserved 1124352K
  class space    used 10273K, capacity 10904K, committed 10968K, reserved 1048576K

Card table byte_map: [0x0000000011dc0000,0x00000000120d0000] byte_map_base: 0x00000000118c0000

Marking Bits: (ParMarkBitMap*) 0x000000005197f030
 Begin Bits: [0x00000000128d0000, 0x00000000140d0000)
 End Bits:   [0x00000000140d0000, 0x00000000158d0000)

Polling page: 0x0000000001b70000

CodeCache: size=245760Kb used=44060Kb max_used=44103Kb free=201699Kb
 bounds [0x0000000002a00000, 0x0000000005550000, 0x0000000011a00000]
 total_blobs=13725 nmethods=12745 adapters=892
 compilation: enabled

Compilation events (10 events):
Event: 676.637 Thread 0x0000000017b43000 nmethod 15649 0x00000000055310d0 code [0x0000000005531260, 0x0000000005531578]
Event: 676.637 Thread 0x0000000017b43000 15653 %     4       com.android.utils.XmlUtils::toXmlAttributeValue @ 7 (89 bytes)
Event: 676.643 Thread 0x0000000017b43000 nmethod 15653% 0x0000000005533b90 code [0x0000000005533d00, 0x0000000005534238]
Event: 676.643 Thread 0x0000000017b43000 15628       4       com.sun.org.apache.xerces.internal.dom.ParentNode::checkNormalizationAfterInsert (63 bytes)
Event: 676.644 Thread 0x0000000017b43000 nmethod 15628 0x00000000055336d0 code [0x0000000005533820, 0x0000000005533978]
Event: 676.645 Thread 0x0000000017b43000 15654       4       com.android.utils.XmlUtils::append (540 bytes)
Event: 676.646 Thread 0x0000000017b2e000 nmethod 15641 0x000000000553a610 code [0x000000000553a840, 0x000000000553bf78]
Event: 676.646 Thread 0x0000000017b2e000 15651       4       com.android.ide.common.resources.NodeUtils::updateNamespace (161 bytes)
Event: 676.745 Thread 0x0000000017b2e000 nmethod 15651 0x00000000055437d0 code [0x0000000005543d00, 0x0000000005547c88]
Event: 676.745 Thread 0x0000000017b2e000 15616       4       com.android.ide.common.blame.MergingLogPersistUtil$$Lambda$328/1794503774::accept (12 bytes)

GC Heap History (10 events):
Event: 43.153 GC heap before
{Heap before GC invocations=18 (full 2):
 PSYoungGen      total 366080K, used 298180K [0x00000000e0000000, 0x00000000fb600000, 0x0000000100000000)
  eden space 352256K, 83% used [0x00000000e0000000,0x00000000f1e30958,0x00000000f5800000)
  from space 13824K, 37% used [0x00000000f5800000,0x00000000f5d008d0,0x00000000f6580000)
  to   space 13312K, 0% used [0x00000000fa900000,0x00000000fa900000,0x00000000fb600000)
 ParOldGen       total 87040K, used 27157K [0x00000000a0000000, 0x00000000a5500000, 0x00000000e0000000)
  object space 87040K, 31% used [0x00000000a0000000,0x00000000a1a85438,0x00000000a5500000)
 Metaspace       used 57320K, capacity 58862K, committed 58968K, reserved 1099776K
  class space    used 7367K, capacity 7763K, committed 7768K, reserved 1048576K
Event: 43.232 GC heap after
Heap after GC invocations=18 (full 2):
 PSYoungGen      total 429568K, used 13295K [0x00000000e0000000, 0x00000000fe600000, 0x0000000100000000)
  eden space 416256K, 0% used [0x00000000e0000000,0x00000000e0000000,0x00000000f9680000)
  from space 13312K, 99% used [0x00000000fa900000,0x00000000fb5fbdc0,0x00000000fb600000)
  to   space 18944K, 0% used [0x00000000f9680000,0x00000000f9680000,0x00000000fa900000)
 ParOldGen       total 87040K, used 37224K [0x00000000a0000000, 0x00000000a5500000, 0x00000000e0000000)
  object space 87040K, 42% used [0x00000000a0000000,0x00000000a245a2f0,0x00000000a5500000)
 Metaspace       used 57320K, capacity 58862K, committed 58968K, reserved 1099776K
  class space    used 7367K, capacity 7763K, committed 7768K, reserved 1048576K
}
Event: 43.232 GC heap before
{Heap before GC invocations=19 (full 3):
 PSYoungGen      total 429568K, used 13295K [0x00000000e0000000, 0x00000000fe600000, 0x0000000100000000)
  eden space 416256K, 0% used [0x00000000e0000000,0x00000000e0000000,0x00000000f9680000)
  from space 13312K, 99% used [0x00000000fa900000,0x00000000fb5fbdc0,0x00000000fb600000)
  to   space 18944K, 0% used [0x00000000f9680000,0x00000000f9680000,0x00000000fa900000)
 ParOldGen       total 87040K, used 37224K [0x00000000a0000000, 0x00000000a5500000, 0x00000000e0000000)
  object space 87040K, 42% used [0x00000000a0000000,0x00000000a245a2f0,0x00000000a5500000)
 Metaspace       used 57320K, capacity 58862K, committed 58968K, reserved 1099776K
  class space    used 7367K, capacity 7763K, committed 7768K, reserved 1048576K
Event: 43.501 GC heap after
Heap after GC invocations=19 (full 3):
 PSYoungGen      total 429568K, used 0K [0x00000000e0000000, 0x00000000fe600000, 0x0000000100000000)
  eden space 416256K, 0% used [0x00000000e0000000,0x00000000e0000000,0x00000000f9680000)
  from space 13312K, 0% used [0x00000000fa900000,0x00000000fa900000,0x00000000fb600000)
  to   space 18944K, 0% used [0x00000000f9680000,0x00000000f9680000,0x00000000fa900000)
 ParOldGen       total 130048K, used 43886K [0x00000000a0000000, 0x00000000a7f00000, 0x00000000e0000000)
  object space 130048K, 33% used [0x00000000a0000000,0x00000000a2adbb30,0x00000000a7f00000)
 Metaspace       used 57260K, capacity 58640K, committed 58968K, reserved 1099776K
  class space    used 7350K, capacity 7712K, committed 7768K, reserved 1048576K
}
Event: 48.946 GC heap before
{Heap before GC invocations=20 (full 3):
 PSYoungGen      total 429568K, used 416256K [0x00000000e0000000, 0x00000000fe600000, 0x0000000100000000)
  eden space 416256K, 100% used [0x00000000e0000000,0x00000000f9680000,0x00000000f9680000)
  from space 13312K, 0% used [0x00000000fa900000,0x00000000fa900000,0x00000000fb600000)
  to   space 18944K, 0% used [0x00000000f9680000,0x00000000f9680000,0x00000000fa900000)
 ParOldGen       total 130048K, used 43886K [0x00000000a0000000, 0x00000000a7f00000, 0x00000000e0000000)
  object space 130048K, 33% used [0x00000000a0000000,0x00000000a2adbb30,0x00000000a7f00000)
 Metaspace       used 66114K, capacity 68278K, committed 68568K, reserved 1107968K
  class space    used 8578K, capacity 9098K, committed 9176K, reserved 1048576K
Event: 48.962 GC heap after
Heap after GC invocations=20 (full 3):
 PSYoungGen      total 435200K, used 15061K [0x00000000e0000000, 0x0000000100000000, 0x0000000100000000)
  eden space 416256K, 0% used [0x00000000e0000000,0x00000000e0000000,0x00000000f9680000)
  from space 18944K, 79% used [0x00000000f9680000,0x00000000fa5355b8,0x00000000fa900000)
  to   space 20480K, 0% used [0x00000000fec00000,0x00000000fec00000,0x0000000100000000)
 ParOldGen       total 130048K, used 43894K [0x00000000a0000000, 0x00000000a7f00000, 0x00000000e0000000)
  object space 130048K, 33% used [0x00000000a0000000,0x00000000a2addb30,0x00000000a7f00000)
 Metaspace       used 66114K, capacity 68278K, committed 68568K, reserved 1107968K
  class space    used 8578K, capacity 9098K, committed 9176K, reserved 1048576K
}
Event: 109.724 GC heap before
{Heap before GC invocations=21 (full 3):
 PSYoungGen      total 435200K, used 431317K [0x00000000e0000000, 0x0000000100000000, 0x0000000100000000)
  eden space 416256K, 100% used [0x00000000e0000000,0x00000000f9680000,0x00000000f9680000)
  from space 18944K, 79% used [0x00000000f9680000,0x00000000fa5355b8,0x00000000fa900000)
  to   space 20480K, 0% used [0x00000000fec00000,0x00000000fec00000,0x0000000100000000)
 ParOldGen       total 130048K, used 43894K [0x00000000a0000000, 0x00000000a7f00000, 0x00000000e0000000)
  object space 130048K, 33% used [0x00000000a0000000,0x00000000a2addb30,0x00000000a7f00000)
 Metaspace       used 71074K, capacity 73280K, committed 73432K, reserved 1114112K
  class space    used 9110K, capacity 9626K, committed 9688K, reserved 1048576K
Event: 109.745 GC heap after
Heap after GC invocations=21 (full 3):
 PSYoungGen      total 496640K, used 20292K [0x00000000e0000000, 0x0000000100000000, 0x0000000100000000)
  eden space 476160K, 0% used [0x00000000e0000000,0x00000000e0000000,0x00000000fd100000)
  from space 20480K, 99% used [0x00000000fec00000,0x00000000fffd11f8,0x0000000100000000)
  to   space 24064K, 0% used [0x00000000fd100000,0x00000000fd100000,0x00000000fe880000)
 ParOldGen       total 130048K, used 43902K [0x00000000a0000000, 0x00000000a7f00000, 0x00000000e0000000)
  object space 130048K, 33% used [0x00000000a0000000,0x00000000a2adfb30,0x00000000a7f00000)
 Metaspace       used 71074K, capacity 73280K, committed 73432K, reserved 1114112K
  class space    used 9110K, capacity 9626K, committed 9688K, reserved 1048576K
}
Event: 673.857 GC heap before
{Heap before GC invocations=22 (full 3):
 PSYoungGen      total 496640K, used 496452K [0x00000000e0000000, 0x0000000100000000, 0x0000000100000000)
  eden space 476160K, 100% used [0x00000000e0000000,0x00000000fd100000,0x00000000fd100000)
  from space 20480K, 99% used [0x00000000fec00000,0x00000000fffd11f8,0x0000000100000000)
  to   space 24064K, 0% used [0x00000000fd100000,0x00000000fd100000,0x00000000fe880000)
 ParOldGen       total 130048K, used 43902K [0x00000000a0000000, 0x00000000a7f00000, 0x00000000e0000000)
  object space 130048K, 33% used [0x00000000a0000000,0x00000000a2adfb30,0x00000000a7f00000)
 Metaspace       used 77922K, capacity 80614K, committed 80984K, reserved 1120256K
  class space    used 9808K, capacity 10461K, committed 10584K, reserved 1048576K
Event: 673.918 GC heap after
Heap after GC invocations=22 (full 3):
 PSYoungGen      total 479744K, used 24039K [0x00000000e0000000, 0x0000000100000000, 0x0000000100000000)
  eden space 455680K, 0% used [0x00000000e0000000,0x00000000e0000000,0x00000000fbd00000)
  from space 24064K, 99% used [0x00000000fd100000,0x00000000fe879f18,0x00000000fe880000)
  to   space 24064K, 0% used [0x00000000fe880000,0x00000000fe880000,0x0000000100000000)
 ParOldGen       total 130048K, used 67782K [0x00000000a0000000, 0x00000000a7f00000, 0x00000000e0000000)
  object space 130048K, 52% used [0x00000000a0000000,0x00000000a4231920,0x00000000a7f00000)
 Metaspace       used 77922K, capacity 80614K, committed 80984K, reserved 1120256K
  class space    used 9808K, capacity 10461K, committed 10584K, reserved 1048576K
}

Deoptimization events (10 events):
Event: 676.615 Thread 0x000000001ceb9800 Uncommon trap: reason=bimorphic action=maybe_recompile pc=0x00000000053ba988 method=com.sun.org.apache.xerces.internal.dom.ParentNode.checkNormalizationAfterInsert(Lcom/sun/org/apache/xerces/internal/dom/ChildNode;)V @ 23
Event: 676.615 Thread 0x000000001ceb9800 Uncommon trap: reason=bimorphic action=maybe_recompile pc=0x00000000053ba988 method=com.sun.org.apache.xerces.internal.dom.ParentNode.checkNormalizationAfterInsert(Lcom/sun/org/apache/xerces/internal/dom/ChildNode;)V @ 23
Event: 676.615 Thread 0x000000001ceb9800 Uncommon trap: reason=bimorphic action=maybe_recompile pc=0x00000000053ba988 method=com.sun.org.apache.xerces.internal.dom.ParentNode.checkNormalizationAfterInsert(Lcom/sun/org/apache/xerces/internal/dom/ChildNode;)V @ 23
Event: 676.615 Thread 0x000000001ceb9800 Uncommon trap: reason=bimorphic action=maybe_recompile pc=0x00000000053ba988 method=com.sun.org.apache.xerces.internal.dom.ParentNode.checkNormalizationAfterInsert(Lcom/sun/org/apache/xerces/internal/dom/ChildNode;)V @ 23
Event: 676.615 Thread 0x000000001ceb9800 Uncommon trap: reason=bimorphic action=maybe_recompile pc=0x0000000005309ab4 method=com.sun.org.apache.xerces.internal.dom.ParentNode.checkNormalizationAfterInsert(Lcom/sun/org/apache/xerces/internal/dom/ChildNode;)V @ 23
Event: 676.623 Thread 0x000000001ceb9800 Uncommon trap: reason=class_check action=maybe_recompile pc=0x00000000053ba00c method=com.sun.org.apache.xerces.internal.dom.ElementImpl.getAttributes()Lorg/w3c/dom/NamedNodeMap; @ 8
Event: 676.625 Thread 0x000000001ceb9800 Uncommon trap: reason=class_check action=maybe_recompile pc=0x00000000053ba00c method=com.sun.org.apache.xerces.internal.dom.ElementImpl.getAttributes()Lorg/w3c/dom/NamedNodeMap; @ 8
Event: 676.625 Thread 0x000000001ceb9800 Uncommon trap: reason=class_check action=maybe_recompile pc=0x00000000053ba00c method=com.sun.org.apache.xerces.internal.dom.ElementImpl.getAttributes()Lorg/w3c/dom/NamedNodeMap; @ 8
Event: 676.625 Thread 0x000000001ceb9800 Uncommon trap: reason=class_check action=maybe_recompile pc=0x00000000053ba00c method=com.sun.org.apache.xerces.internal.dom.ElementImpl.getAttributes()Lorg/w3c/dom/NamedNodeMap; @ 8
Event: 676.633 Thread 0x000000001ceb9800 Uncommon trap: reason=unstable_if action=reinterpret pc=0x00000000053b99b8 method=com.android.utils.XmlUtils.toXmlAttributeValue(Ljava/lang/String;)Ljava/lang/String; @ 33

Classes redefined (0 events):
No events

Internal exceptions (10 events):
Event: 674.607 Thread 0x000000001ceb9800 Exception <a 'java/lang/NoSuchMethodError': <clinit>> (0x00000000e724e4d8) thrown at [C:\src\AOSP-openjdk-git\hotspot\src\share\vm\prims\jni.cpp, line 1615]
Event: 674.610 Thread 0x000000001ceb9800 Exception <a 'java/lang/NoSuchMethodError': <clinit>> (0x00000000e726b928) thrown at [C:\src\AOSP-openjdk-git\hotspot\src\share\vm\prims\jni.cpp, line 1615]
Event: 674.610 Thread 0x000000001ceb9800 Exception <a 'java/lang/NoSuchMethodError': <clinit>> (0x00000000e727a088) thrown at [C:\src\AOSP-openjdk-git\hotspot\src\share\vm\prims\jni.cpp, line 1615]
Event: 674.611 Thread 0x000000001ceb9800 Exception <a 'sun/nio/fs/WindowsException'> (0x00000000e7287430) thrown at [C:\src\AOSP-openjdk-git\hotspot\src\share\vm\prims\jni.cpp, line 710]
Event: 675.512 Thread 0x000000001f06e000 Exception <a 'sun/nio/fs/WindowsException'> (0x00000000e7cfee18) thrown at [C:\src\AOSP-openjdk-git\hotspot\src\share\vm\prims\jni.cpp, line 710]
Event: 675.513 Thread 0x000000001f06e000 Exception <a 'sun/nio/fs/WindowsException'> (0x00000000e7d04778) thrown at [C:\src\AOSP-openjdk-git\hotspot\src\share\vm\prims\jni.cpp, line 710]
Event: 675.533 Thread 0x000000001f06e000 Exception <a 'sun/nio/fs/WindowsException'> (0x00000000e7d0a2c8) thrown at [C:\src\AOSP-openjdk-git\hotspot\src\share\vm\prims\jni.cpp, line 710]
Event: 676.134 Thread 0x000000001ceb9800 Implicit null exception at 0x0000000004330848 to 0x000000000432eb51
Event: 676.269 Thread 0x000000001f076000 Exception <a 'java/io/FileNotFoundException'> (0x00000000ec9ef208) thrown at [C:\src\AOSP-openjdk-git\hotspot\src\share\vm\prims\jni.cpp, line 710]
Event: 676.344 Thread 0x000000001f076000 Exception <a 'java/io/FileNotFoundException'> (0x00000000ed0ac778) thrown at [C:\src\AOSP-openjdk-git\hotspot\src\share\vm\prims\jni.cpp, line 710]

Events (10 events):
Event: 676.736 Thread 0x000000002351d000 Thread added: 0x000000002351d000
Event: 676.738 Thread 0x000000002351e000 Thread added: 0x000000002351e000
Event: 676.738 Thread 0x000000002351e800 Thread added: 0x000000002351e800
Event: 676.743 Thread 0x000000002351f800 Thread added: 0x000000002351f800
Event: 676.743 Thread 0x0000000023520000 Thread added: 0x0000000023520000
Event: 676.745 Thread 0x0000000017b2e000 flushing nmethod 0x0000000002b0dd50
Event: 676.745 Thread 0x0000000017b2e000 flushing nmethod 0x0000000002b31590
Event: 676.745 Thread 0x0000000017b2e000 flushing nmethod 0x0000000002b9cb90
Event: 676.745 Thread 0x0000000017b2e000 flushing nmethod 0x0000000002c0bf50
Event: 676.745 Thread 0x0000000017b2e000 flushing nmethod 0x0000000002c914d0


Dynamic libraries:
0x000000013f790000 - 0x000000013f7c1000 	C:\Program Files\Android\Android Studio\jre\bin\java.exe
0x00000000776d0000 - 0x000000007787a000 	C:\Windows\SYSTEM32\ntdll.dll
0x00000000770f0000 - 0x000000007720f000 	C:\Windows\system32\kernel32.dll
0x000007fefdca0000 - 0x000007fefdd0a000 	C:\Windows\system32\KERNELBASE.dll
0x000007feff130000 - 0x000007feff20b000 	C:\Windows\system32\ADVAPI32.DLL
0x000007fefef80000 - 0x000007feff01f000 	C:\Windows\system32\msvcrt.dll
0x000007fefef00000 - 0x000007fefef1f000 	C:\Windows\SYSTEM32\sechost.dll
0x000007feff360000 - 0x000007feff48d000 	C:\Windows\system32\RPCRT4.dll
0x0000000076ff0000 - 0x00000000770ea000 	C:\Windows\system32\USER32.dll
0x000007fefdf10000 - 0x000007fefdf77000 	C:\Windows\system32\GDI32.dll
0x000007feff560000 - 0x000007feff56e000 	C:\Windows\system32\LPK.dll
0x000007feff210000 - 0x000007feff2da000 	C:\Windows\system32\USP10.dll
0x000007fefc070000 - 0x000007fefc264000 	C:\Windows\WinSxS\amd64_microsoft.windows.common-controls_6595b64144ccf1df_6.0.7601.18837_none_fa3b1e3d17594757\COMCTL32.dll
0x000007feff960000 - 0x000007feff9d1000 	C:\Windows\system32\SHLWAPI.dll
0x000007feff490000 - 0x000007feff4be000 	C:\Windows\system32\IMM32.DLL
0x000007fefdf80000 - 0x000007fefe089000 	C:\Windows\system32\MSCTF.dll
0x00000000790d0000 - 0x00000000791a2000 	C:\Program Files\Android\Android Studio\jre\jre\bin\msvcr100.dll
0x00000000511b0000 - 0x00000000519fb000 	C:\Program Files\Android\Android Studio\jre\jre\bin\server\jvm.dll
0x000007fef91b0000 - 0x000007fef91b9000 	C:\Windows\system32\WSOCK32.dll
0x000007feff020000 - 0x000007feff06d000 	C:\Windows\system32\WS2_32.dll
0x000007fefdf00000 - 0x000007fefdf08000 	C:\Windows\system32\NSI.dll
0x000007fefa010000 - 0x000007fefa04b000 	C:\Windows\system32\WINMM.dll
0x000007fefcc90000 - 0x000007fefcc9c000 	C:\Windows\system32\VERSION.dll
0x00000000778a0000 - 0x00000000778a7000 	C:\Windows\system32\PSAPI.DLL
0x000007fef7c40000 - 0x000007fef7c4f000 	C:\Program Files\Android\Android Studio\jre\jre\bin\verify.dll
0x000007fef2000000 - 0x000007fef2029000 	C:\Program Files\Android\Android Studio\jre\jre\bin\java.dll
0x000007fef7c20000 - 0x000007fef7c36000 	C:\Program Files\Android\Android Studio\jre\jre\bin\zip.dll
0x000007fefe090000 - 0x000007fefee1c000 	C:\Windows\system32\SHELL32.dll
0x000007feff750000 - 0x000007feff953000 	C:\Windows\system32\ole32.dll
0x000007fefdb30000 - 0x000007fefdb3f000 	C:\Windows\system32\profapi.dll
0x000007fef35d0000 - 0x000007fef35ea000 	C:\Program Files\Android\Android Studio\jre\jre\bin\net.dll
0x000007fefd2c0000 - 0x000007fefd315000 	C:\Windows\system32\mswsock.dll
0x000007fefd470000 - 0x000007fefd477000 	C:\Windows\System32\wship6.dll
0x000007fef23a0000 - 0x000007fef23b3000 	C:\Program Files\Android\Android Studio\jre\jre\bin\nio.dll
0x000007feefda0000 - 0x000007feefdbe000 	C:\Users\Administrator\.gradle\native\25\windows-amd64\native-platform.dll
0x000007fef3a70000 - 0x000007fef3a7d000 	C:\Program Files\Android\Android Studio\jre\jre\bin\management.dll
0x000007fefd5a0000 - 0x000007fefd5b8000 	C:\Windows\system32\CRYPTSP.dll
0x000007fefd1c0000 - 0x000007fefd207000 	C:\Windows\system32\rsaenh.dll
0x000007fefce70000 - 0x000007fefce8e000 	C:\Windows\system32\USERENV.dll
0x000007fefda20000 - 0x000007fefda2f000 	C:\Windows\system32\CRYPTBASE.dll
0x000007fefbf30000 - 0x000007fefbf57000 	C:\Windows\system32\IPHLPAPI.DLL
0x000007fefbf20000 - 0x000007fefbf2b000 	C:\Windows\system32\WINNSI.DLL
0x000007fefbd30000 - 0x000007fefbd41000 	C:\Windows\system32\dhcpcsvc6.DLL
0x000007fefbcd0000 - 0x000007fefbce8000 	C:\Windows\system32\dhcpcsvc.DLL
0x000007fef0970000 - 0x000007fef0994000 	C:\Program Files\Android\Android Studio\jre\jre\bin\sunec.dll
0x000007fefcd60000 - 0x000007fefcd67000 	C:\Windows\System32\wshtcpip.dll
0x000007fefd010000 - 0x000007fefd06b000 	C:\Windows\system32\DNSAPI.dll
0x000007fef9c70000 - 0x000007fef9c78000 	C:\Windows\system32\rasadhlp.dll
0x000007fefbd60000 - 0x000007fefbdb3000 	C:\Windows\System32\fwpuclnt.dll
0x000007fef3600000 - 0x000007fef360b000 	C:\Program Files\Android\Android Studio\jre\jre\bin\sunmscapi.dll
0x000007fefdd90000 - 0x000007fefdefd000 	C:\Windows\system32\CRYPT32.dll
0x000007fefdbd0000 - 0x000007fefdbdf000 	C:\Windows\system32\MSASN1.dll
0x000007fef1e60000 - 0x000007fef1ffc000 	C:\Program Files\Android\Android Studio\jre\jre\bin\awt.dll
0x000007fefad70000 - 0x000007fefad88000 	C:\Windows\system32\dwmapi.dll
0x000007fefee20000 - 0x000007fefeef8000 	C:\Windows\system32\OLEAUT32.dll
0x000007feeea40000 - 0x000007feeee04000 	C:\Windows\system32\d2d1.dll
0x000007fefd9c0000 - 0x000007fefda17000 	C:\Windows\system32\apphelp.dll

VM Arguments:
jvm_args: -Xmx1536m -Dfile.encoding=GBK -Duser.country=CN -Duser.language=zh -Duser.variant 
java_command: org.gradle.launcher.daemon.bootstrap.GradleDaemon 4.6
java_class_path (initial): C:\Users\Administrator\.gradle\wrapper\dists\gradle-4.6-all\bcst21l2brirad8k2ben1letg\gradle-4.6\lib\gradle-launcher-4.6.jar
Launcher Type: SUN_STANDARD

Environment Variables:
JAVA_HOME=C:\Program Files\Java\jdk-15.0.1
CLASSPATH= .;C:\Program Files\Java\jdk-15.0.1\lib;C:\Program Files\Java\jdk-15.0.1\lib\tools.jar
PATH=C:\Program Files\Common Files\Oracle\Java\javapath;C:\Windows\system32;C:\Windows;C:\Windows\System32\Wbem;C:\Windows\System32\WindowsPowerShell\v1.0\;C:\Program Files\Java\jdk-15.0.1\bin;C:\Program Files\Java\jdk-15.0.1\jre\bin;C:\Program Files\Git\cmd
USERNAME=Administrator
OS=Windows_NT
PROCESSOR_IDENTIFIER=Intel64 Family 6 Model 60 Stepping 3, GenuineIntel



---------------  S Y S T E M  ---------------

OS: Windows 7 , 64 bit Build 7601 (6.1.7601.23418)

CPU:total 4 (initial active 4) (4 cores per cpu, 1 threads per core) family 6 model 60 stepping 3, cmov, cx8, fxsr, mmx, sse, sse2, sse3, ssse3, sse4.1, sse4.2, popcnt, avx, avx2, aes, clmul, erms, lzcnt, tsc, tscinvbit, bmi1, bmi2

Memory: 4k page, physical 7819368k(476716k free), swap 7819368k(5120k free)

vm_info: OpenJDK 64-Bit Server VM (25.242-b01) for windows-amd64 JRE (1.8.0_242-release-1644-b01), built by "builder" with MS VC++ 10.0 (VS2010)

time: Sat Nov 14 15:26:48 2020
timezone: 中国标准时间
elapsed time: 676 seconds (0d 0h 11m 16s)

