#
# There is insufficient memory for the Java Runtime Environment to continue.
# Native memory allocation (malloc) failed to allocate 1577424 bytes for Chunk::new
# Possible reasons:
#   The system is out of physical RAM or swap space
#   The process is running with CompressedOops enabled, and the Java Heap may be blocking the growth of the native heap
# Possible solutions:
#   Reduce memory load on the system
#   Increase physical memory or swap space
#   Check if swap backing store is full
#   Decrease Java heap size (-Xmx/-Xms)
#   Decrease number of Java threads
#   Decrease Java thread stack sizes (-Xss)
#   Set larger code cache with -XX:ReservedCodeCacheSize=
#   JVM is running with Unscaled Compressed Oops mode in which the Java heap is
#     placed in the first 4GB address space. The Java Heap base address is the
#     maximum limit for the native heap growth. Please use -XX:HeapBaseMinAddress
#     to set the Java Heap base and to place the Java Heap above 4GB virtual address.
# This output file may be truncated or incomplete.
#
#  Out of Memory Error (allocation.cpp:389), pid=4472, tid=0x0000000000001df8
#
# JRE version: OpenJDK Runtime Environment (8.0_242-b01) (build 1.8.0_242-release-1644-b01)
# Java VM: OpenJDK 64-Bit Server VM (25.242-b01 mixed mode windows-amd64 compressed oops)
# Failed to write core dump. Minidumps are not enabled by default on client versions of Windows
#

---------------  T H R E A D  ---------------

Current thread (0x00000000565cf800):  JavaThread "C2 CompilerThread0" daemon [_thread_in_native, id=7672, stack(0x0000000057f90000,0x0000000058090000)]

Stack: [0x0000000057f90000,0x0000000058090000]
[error occurred during error reporting (printing stack bounds), id 0xc0000005]

Native frames: (J=compiled Java code, j=interpreted, Vv=VM code, C=native code)


Current CompileTask:
C2:   4285 1480   !   4       java.net.URLClassLoader$1::run (63 bytes)


---------------  P R O C E S S  ---------------

Java Threads: ( => current thread )
  0x0000000059b69800 JavaThread "Cache worker for file hash cache (C:\Users\Administrator\AndroidProject\yp_tz_shangmi_jiedanbao\.gradle\4.6\fileHashes)" [_thread_blocked, id=7864, stack(0x000000005c610000,0x000000005c710000)]
  0x0000000057a8c000 JavaThread "File lock request listener" [_thread_in_native, id=2564, stack(0x000000005bec0000,0x000000005bfc0000)]
  0x0000000057bdc800 JavaThread "Cache worker for file hash cache (C:\Users\Administrator\.gradle\caches\4.6\fileHashes)" [_thread_blocked, id=3272, stack(0x000000005c420000,0x000000005c520000)]
  0x0000000057a90000 JavaThread "Stdin handler" [_thread_blocked, id=2056, stack(0x000000005c000000,0x000000005c100000)]
  0x0000000059db4000 JavaThread "Asynchronous log dispatcher for DefaultDaemonConnection: socket connection from /127.0.0.1:59918 to /127.0.0.1:59929" [_thread_blocked, id=8036, stack(0x000000005bdc0000,0x000000005bec0000)]
  0x0000000059dae800 JavaThread "Daemon worker" [_thread_in_native, id=7720, stack(0x000000005b4b0000,0x000000005b5b0000)]
  0x000000005a09f800 JavaThread "Cancel handler" [_thread_blocked, id=6064, stack(0x000000005b250000,0x000000005b350000)]
  0x00000000578e3000 JavaThread "Handler for socket connection from /127.0.0.1:59918 to /127.0.0.1:59929" [_thread_in_native, id=5908, stack(0x000000005ba20000,0x000000005bb20000)]
  0x00000000578e2800 JavaThread "Daemon" [_thread_blocked, id=3260, stack(0x000000005b7f0000,0x000000005b8f0000)]
  0x00000000588d6800 JavaThread "Daemon periodic checks" [_thread_blocked, id=6200, stack(0x000000005b6f0000,0x000000005b7f0000)]
  0x00000000588c1800 JavaThread "Incoming local TCP Connector on port 59918" [_thread_in_native, id=6168, stack(0x000000005b5b0000,0x000000005b6b0000)]
  0x000000005785a000 JavaThread "Service Thread" daemon [_thread_blocked, id=2012, stack(0x0000000058460000,0x0000000058560000)]
  0x0000000057857000 JavaThread "C1 CompilerThread2" daemon [_thread_blocked, id=3440, stack(0x0000000058230000,0x0000000058330000)]
  0x0000000057853800 JavaThread "C2 CompilerThread1" daemon [_thread_in_native, id=7856, stack(0x00000000580b0000,0x00000000581b0000)]
=>0x00000000565cf800 JavaThread "C2 CompilerThread0" daemon [_thread_in_native, id=7672, stack(0x0000000057f90000,0x0000000058090000)]
  0x000000005783a800 JavaThread "Attach Listener" daemon [_thread_blocked, id=7380, stack(0x0000000057e70000,0x0000000057f70000)]
  0x00000000565bd000 JavaThread "Signal Dispatcher" daemon [_thread_blocked, id=1380, stack(0x0000000057cf0000,0x0000000057df0000)]
  0x00000000565aa800 JavaThread "Finalizer" daemon [_thread_blocked, id=1956, stack(0x0000000057730000,0x0000000057830000)]
  0x00000000565a3800 JavaThread "Reference Handler" daemon [_thread_blocked, id=5752, stack(0x0000000057430000,0x0000000057530000)]
  0x0000000001dee800 JavaThread "main" [_thread_blocked, id=2712, stack(0x0000000002890000,0x0000000002990000)]

Other Threads:
  0x000000005655a000 VMThread [stack: 0x0000000057550000,0x0000000057650000] [id=2788]
  0x00000000578b3800 WatcherThread [stack: 0x0000000058650000,0x0000000058750000] [id=5472]

VM state:not at safepoint (normal execution)

VM Mutex/Monitor currently owned by a thread: None

heap address: 0x00000000a0000000, size: 1536 MB, Compressed Oops mode: 32-bit
Narrow klass base: 0x0000000000000000, Narrow klass shift: 0
Compressed class space size: 1073741824 Address: 0x0000000015bd0000

Heap:
 PSYoungGen      total 66560K, used 23725K [0x00000000e0000000, 0x00000000e4600000, 0x0000000100000000)
  eden space 61440K, 30% used [0x00000000e0000000,0x00000000e122d720,0x00000000e3c00000)
  from space 5120K, 99% used [0x00000000e3c00000,0x00000000e40fe050,0x00000000e4100000)
  to   space 5120K, 0% used [0x00000000e4100000,0x00000000e4100000,0x00000000e4600000)
 ParOldGen       total 81920K, used 4989K [0x00000000a0000000, 0x00000000a5000000, 0x00000000e0000000)
  object space 81920K, 6% used [0x00000000a0000000,0x00000000a04df518,0x00000000a5000000)
 Metaspace       used 17324K, capacity 17734K, committed 18048K, reserved 1064960K
  class space    used 2491K, capacity 2615K, committed 2688K, reserved 1048576K

Card table byte_map: [0x0000000011d50000,0x0000000012060000] byte_map_base: 0x0000000011850000

Marking Bits: (ParMarkBitMap*) 0x0000000069b8f030
 Begin Bits: [0x00000000128d0000, 0x00000000140d0000)
 End Bits:   [0x00000000140d0000, 0x00000000158d0000)

Polling page: 0x0000000000340000

CodeCache: size=245760Kb used=5456Kb max_used=5456Kb free=240303Kb
 bounds [0x0000000002990000, 0x0000000002ef0000, 0x0000000011990000]
 total_blobs=1939 nmethods=1556 adapters=296
 compilation: enabled

Compilation events (10 events):
Event: 4.047 Thread 0x0000000057857000 1559       3       sun.nio.fs.WindowsPathParser::normalize (233 bytes)
Event: 4.050 Thread 0x0000000057857000 nmethod 1559 0x0000000002ed5b10 code [0x0000000002ed60c0, 0x0000000002ed9f28]
Event: 4.050 Thread 0x0000000057857000 1560       3       com.google.common.io.CountingInputStream::read (25 bytes)
Event: 4.050 Thread 0x0000000057857000 nmethod 1560 0x0000000002edc8d0 code [0x0000000002edca40, 0x0000000002edcca8]
Event: 4.055 Thread 0x0000000057857000 1561       3       java.util.ArrayList::indexOf (67 bytes)
Event: 4.056 Thread 0x0000000057857000 nmethod 1561 0x0000000002edcd90 code [0x0000000002edcf20, 0x0000000002edd3e8]
Event: 4.239 Thread 0x0000000057857000 1562       3       java.io.ObjectStreamClass::getClassSignature (242 bytes)
Event: 4.244 Thread 0x0000000057857000 nmethod 1562 0x0000000002edd610 code [0x0000000002eddce0, 0x0000000002ee2b18]
Event: 4.244 Thread 0x0000000057857000 1563       3       java.io.ObjectInputStream$BlockDataInputStream::readUTFBody (192 bytes)
Event: 4.245 Thread 0x0000000057857000 nmethod 1563 0x0000000002ee5c90 code [0x0000000002ee5ec0, 0x0000000002ee6be8]

GC Heap History (6 events):
Event: 1.032 GC heap before
{Heap before GC invocations=1 (full 0):
 PSYoungGen      total 35840K, used 30720K [0x00000000e0000000, 0x00000000e2800000, 0x0000000100000000)
  eden space 30720K, 100% used [0x00000000e0000000,0x00000000e1e00000,0x00000000e1e00000)
  from space 5120K, 0% used [0x00000000e2300000,0x00000000e2300000,0x00000000e2800000)
  to   space 5120K, 0% used [0x00000000e1e00000,0x00000000e1e00000,0x00000000e2300000)
 ParOldGen       total 81920K, used 0K [0x00000000a0000000, 0x00000000a5000000, 0x00000000e0000000)
  object space 81920K, 0% used [0x00000000a0000000,0x00000000a0000000,0x00000000a5000000)
 Metaspace       used 7150K, capacity 7354K, committed 7680K, reserved 1056768K
  class space    used 861K, capacity 942K, committed 1024K, reserved 1048576K
Event: 1.068 GC heap after
Heap after GC invocations=1 (full 0):
 PSYoungGen      total 35840K, used 4403K [0x00000000e0000000, 0x00000000e4600000, 0x0000000100000000)
  eden space 30720K, 0% used [0x00000000e0000000,0x00000000e0000000,0x00000000e1e00000)
  from space 5120K, 86% used [0x00000000e1e00000,0x00000000e224cdd0,0x00000000e2300000)
  to   space 5120K, 0% used [0x00000000e4100000,0x00000000e4100000,0x00000000e4600000)
 ParOldGen       total 81920K, used 0K [0x00000000a0000000, 0x00000000a5000000, 0x00000000e0000000)
  object space 81920K, 0% used [0x00000000a0000000,0x00000000a0000000,0x00000000a5000000)
 Metaspace       used 7150K, capacity 7354K, committed 7680K, reserved 1056768K
  class space    used 861K, capacity 942K, committed 1024K, reserved 1048576K
}
Event: 1.537 GC heap before
{Heap before GC invocations=2 (full 0):
 PSYoungGen      total 35840K, used 35123K [0x00000000e0000000, 0x00000000e4600000, 0x0000000100000000)
  eden space 30720K, 100% used [0x00000000e0000000,0x00000000e1e00000,0x00000000e1e00000)
  from space 5120K, 86% used [0x00000000e1e00000,0x00000000e224cdd0,0x00000000e2300000)
  to   space 5120K, 0% used [0x00000000e4100000,0x00000000e4100000,0x00000000e4600000)
 ParOldGen       total 81920K, used 0K [0x00000000a0000000, 0x00000000a5000000, 0x00000000e0000000)
  object space 81920K, 0% used [0x00000000a0000000,0x00000000a0000000,0x00000000a5000000)
 Metaspace       used 8979K, capacity 9212K, committed 9472K, reserved 1056768K
  class space    used 1143K, capacity 1242K, committed 1280K, reserved 1048576K
Event: 1.688 GC heap after
Heap after GC invocations=2 (full 0):
 PSYoungGen      total 66560K, used 4402K [0x00000000e0000000, 0x00000000e4600000, 0x0000000100000000)
  eden space 61440K, 0% used [0x00000000e0000000,0x00000000e0000000,0x00000000e3c00000)
  from space 5120K, 85% used [0x00000000e4100000,0x00000000e454ca40,0x00000000e4600000)
  to   space 5120K, 0% used [0x00000000e3c00000,0x00000000e3c00000,0x00000000e4100000)
 ParOldGen       total 81920K, used 8K [0x00000000a0000000, 0x00000000a5000000, 0x00000000e0000000)
  object space 81920K, 0% used [0x00000000a0000000,0x00000000a0002000,0x00000000a5000000)
 Metaspace       used 8979K, capacity 9212K, committed 9472K, reserved 1056768K
  class space    used 1143K, capacity 1242K, committed 1280K, reserved 1048576K
}
Event: 3.801 GC heap before
{Heap before GC invocations=3 (full 0):
 PSYoungGen      total 66560K, used 65842K [0x00000000e0000000, 0x00000000e4600000, 0x0000000100000000)
  eden space 61440K, 100% used [0x00000000e0000000,0x00000000e3c00000,0x00000000e3c00000)
  from space 5120K, 85% used [0x00000000e4100000,0x00000000e454ca40,0x00000000e4600000)
  to   space 5120K, 0% used [0x00000000e3c00000,0x00000000e3c00000,0x00000000e4100000)
 ParOldGen       total 81920K, used 8K [0x00000000a0000000, 0x00000000a5000000, 0x00000000e0000000)
  object space 81920K, 0% used [0x00000000a0000000,0x00000000a0002000,0x00000000a5000000)
 Metaspace       used 15782K, capacity 16202K, committed 16256K, reserved 1062912K
  class space    used 2229K, capacity 2385K, committed 2432K, reserved 1048576K
Event: 3.814 GC heap after
Heap after GC invocations=3 (full 0):
 PSYoungGen      total 66560K, used 5112K [0x00000000e0000000, 0x00000000e4600000, 0x0000000100000000)
  eden space 61440K, 0% used [0x00000000e0000000,0x00000000e0000000,0x00000000e3c00000)
  from space 5120K, 99% used [0x00000000e3c00000,0x00000000e40fe050,0x00000000e4100000)
  to   space 5120K, 0% used [0x00000000e4100000,0x00000000e4100000,0x00000000e4600000)
 ParOldGen       total 81920K, used 4989K [0x00000000a0000000, 0x00000000a5000000, 0x00000000e0000000)
  object space 81920K, 6% used [0x00000000a0000000,0x00000000a04df518,0x00000000a5000000)
 Metaspace       used 15782K, capacity 16202K, committed 16256K, reserved 1062912K
  class space    used 2229K, capacity 2385K, committed 2432K, reserved 1048576K
}

Deoptimization events (10 events):
Event: 3.399 Thread 0x0000000059dae800 Uncommon trap: reason=class_check action=maybe_recompile pc=0x0000000002c144cc method=java.util.regex.Matcher.match(II)Z @ 86
Event: 3.575 Thread 0x0000000059dae800 Uncommon trap: reason=unstable_if action=reinterpret pc=0x0000000002e1d574 method=java.lang.String.lastIndexOf([CII[CIII)I @ 66
Event: 3.743 Thread 0x0000000059dae800 Uncommon trap: reason=unstable_if action=reinterpret pc=0x0000000002e40b4c method=java.util.jar.JarFile.maybeInstantiateVerifier()V @ 21
Event: 3.902 Thread 0x0000000059dae800 Uncommon trap: reason=unstable_if action=reinterpret pc=0x0000000002aca288 method=java.net.URI.match(CJJ)Z @ 19
Event: 3.903 Thread 0x0000000059dae800 Uncommon trap: reason=unstable_if action=reinterpret pc=0x0000000002c47cf0 method=java.net.URI.match(CJJ)Z @ 19
Event: 3.950 Thread 0x0000000059dae800 Uncommon trap: reason=unstable_if action=reinterpret pc=0x0000000002c44bbc method=java.io.File.getName()Ljava/lang/String; @ 16
Event: 4.055 Thread 0x0000000059dae800 Uncommon trap: reason=bimorphic action=maybe_recompile pc=0x0000000002e2f0b8 method=java.lang.ClassLoader.loadClass(Ljava/lang/String;Z)Ljava/lang/Class; @ 38
Event: 4.234 Thread 0x0000000059dae800 Uncommon trap: reason=bimorphic action=maybe_recompile pc=0x0000000002e2f0b8 method=java.lang.ClassLoader.loadClass(Ljava/lang/String;Z)Ljava/lang/Class; @ 38
Event: 4.234 Thread 0x0000000059dae800 Uncommon trap: reason=bimorphic action=maybe_recompile pc=0x0000000002e2f0b8 method=java.lang.ClassLoader.loadClass(Ljava/lang/String;Z)Ljava/lang/Class; @ 38
Event: 4.234 Thread 0x0000000059dae800 Uncommon trap: reason=bimorphic action=maybe_recompile pc=0x0000000002e2f0b8 method=java.lang.ClassLoader.loadClass(Ljava/lang/String;Z)Ljava/lang/Class; @ 38

Classes redefined (0 events):
No events

Internal exceptions (10 events):
Event: 3.080 Thread 0x00000000578e3000 Exception <a 'java/lang/NoSuchMethodError': <clinit>> (0x00000000e0e60bf0) thrown at [C:\src\AOSP-openjdk-git\hotspot\src\share\vm\prims\jni.cpp, line 1615]
Event: 3.098 Thread 0x00000000578e3000 Exception <a 'java/lang/NoSuchMethodError': <clinit>> (0x00000000e0ede530) thrown at [C:\src\AOSP-openjdk-git\hotspot\src\share\vm\prims\jni.cpp, line 1615]
Event: 3.101 Thread 0x00000000578e3000 Exception <a 'java/lang/NoSuchMethodError': <clinit>> (0x00000000e0f02fc0) thrown at [C:\src\AOSP-openjdk-git\hotspot\src\share\vm\prims\jni.cpp, line 1615]
Event: 3.105 Thread 0x00000000578e3000 Exception <a 'java/lang/NoSuchMethodError': <clinit>> (0x00000000e0f1daa8) thrown at [C:\src\AOSP-openjdk-git\hotspot\src\share\vm\prims\jni.cpp, line 1615]
Event: 3.106 Thread 0x00000000578e3000 Exception <a 'java/lang/NoSuchMethodError': <clinit>> (0x00000000e0f29548) thrown at [C:\src\AOSP-openjdk-git\hotspot\src\share\vm\prims\jni.cpp, line 1615]
Event: 3.108 Thread 0x00000000578e3000 Exception <a 'java/lang/NoSuchMethodError': <clinit>> (0x00000000e0f49078) thrown at [C:\src\AOSP-openjdk-git\hotspot\src\share\vm\prims\jni.cpp, line 1615]
Event: 3.132 Thread 0x0000000059dae800 Exception <a 'java/lang/NoSuchMethodError': <clinit>> (0x00000000e1089498) thrown at [C:\src\AOSP-openjdk-git\hotspot\src\share\vm\prims\jni.cpp, line 1615]
Event: 3.134 Thread 0x0000000059dae800 Exception <a 'java/lang/NoSuchMethodError': <clinit>> (0x00000000e10915a8) thrown at [C:\src\AOSP-openjdk-git\hotspot\src\share\vm\prims\jni.cpp, line 1615]
Event: 3.743 Thread 0x0000000059dae800 Implicit null exception at 0x0000000002e4076b to 0x0000000002e40b3d
Event: 4.239 Thread 0x0000000059dae800 Exception <a 'java/lang/NoSuchMethodError': <clinit>> (0x00000000e11855a0) thrown at [C:\src\AOSP-openjdk-git\hotspot\src\share\vm\prims\jni.cpp, line 1615]

Events (10 events):
Event: 4.237 loading class org/gradle/tooling/internal/consumer/versioning/VersionDetails
Event: 4.237 loading class org/gradle/tooling/internal/consumer/versioning/VersionDetails done
Event: 4.239 loading class org/gradle/tooling/internal/protocol/InternalBuildController
Event: 4.239 loading class org/gradle/tooling/internal/protocol/InternalBuildController done
Event: 4.239 loading class org/gradle/tooling/internal/protocol/InternalBuildControllerVersion2
Event: 4.239 loading class org/gradle/tooling/internal/protocol/InternalBuildControllerVersion2 done
Event: 4.240 loading class org/jetbrains/plugins/gradle/model/ProjectImportAction
Event: 4.240 loading class org/jetbrains/plugins/gradle/model/ProjectImportAction done
Event: 4.275 Executing VM operation: EnableBiasedLocking
Event: 4.275 Executing VM operation: EnableBiasedLocking done


Dynamic libraries:
0x000000013fc50000 - 0x000000013fc81000 	C:\Program Files\Android\Android Studio\jre\bin\java.exe
0x00000000776e0000 - 0x000000007788a000 	C:\Windows\SYSTEM32\ntdll.dll
0x00000000775c0000 - 0x00000000776df000 	C:\Windows\system32\kernel32.dll
0x000007fefdbf0000 - 0x000007fefdc5a000 	C:\Windows\system32\KERNELBASE.dll
0x000007fefe500000 - 0x000007fefe5db000 	C:\Windows\system32\ADVAPI32.DLL
0x000007fefdf20000 - 0x000007fefdfbf000 	C:\Windows\system32\msvcrt.dll
0x000007fefe5e0000 - 0x000007fefe5ff000 	C:\Windows\SYSTEM32\sechost.dll
0x000007fefe1f0000 - 0x000007fefe31d000 	C:\Windows\system32\RPCRT4.dll
0x0000000077000000 - 0x00000000770fa000 	C:\Windows\system32\USER32.dll
0x000007feff980000 - 0x000007feff9e7000 	C:\Windows\system32\GDI32.dll
0x000007fefdf10000 - 0x000007fefdf1e000 	C:\Windows\system32\LPK.dll
0x000007fefe0f0000 - 0x000007fefe1ba000 	C:\Windows\system32\USP10.dll
0x000007fefbe80000 - 0x000007fefc074000 	C:\Windows\WinSxS\amd64_microsoft.windows.common-controls_6595b64144ccf1df_6.0.7601.18837_none_fa3b1e3d17594757\COMCTL32.dll
0x000007fefea10000 - 0x000007fefea81000 	C:\Windows\system32\SHLWAPI.dll
0x000007fefe0c0000 - 0x000007fefe0ee000 	C:\Windows\system32\IMM32.DLL
0x000007fefe810000 - 0x000007fefe919000 	C:\Windows\system32\MSCTF.dll
0x000000006cfd0000 - 0x000000006d0a2000 	C:\Program Files\Android\Android Studio\jre\jre\bin\msvcr100.dll
0x00000000693c0000 - 0x0000000069c0b000 	C:\Program Files\Android\Android Studio\jre\jre\bin\server\jvm.dll
0x000007fef7620000 - 0x000007fef7629000 	C:\Windows\system32\WSOCK32.dll
0x000007fefe920000 - 0x000007fefe96d000 	C:\Windows\system32\WS2_32.dll
0x000007fefe1e0000 - 0x000007fefe1e8000 	C:\Windows\system32\NSI.dll
0x000007fef8ef0000 - 0x000007fef8f2b000 	C:\Windows\system32\WINMM.dll
0x000007fefcca0000 - 0x000007fefccac000 	C:\Windows\system32\VERSION.dll
0x00000000778b0000 - 0x00000000778b7000 	C:\Windows\system32\PSAPI.DLL
0x000007fef7f80000 - 0x000007fef7f8f000 	C:\Program Files\Android\Android Studio\jre\jre\bin\verify.dll
0x000007fef5b90000 - 0x000007fef5bb9000 	C:\Program Files\Android\Android Studio\jre\jre\bin\java.dll
0x000007fef7600000 - 0x000007fef7616000 	C:\Program Files\Android\Android Studio\jre\jre\bin\zip.dll
0x000007fefeb70000 - 0x000007feff8fc000 	C:\Windows\system32\SHELL32.dll
0x000007fefe600000 - 0x000007fefe803000 	C:\Windows\system32\ole32.dll
0x000007fefdb40000 - 0x000007fefdb4f000 	C:\Windows\system32\profapi.dll
0x000007fef5b70000 - 0x000007fef5b8a000 	C:\Program Files\Android\Android Studio\jre\jre\bin\net.dll
0x000007fefd370000 - 0x000007fefd3c5000 	C:\Windows\system32\mswsock.dll
0x000007fefd360000 - 0x000007fefd367000 	C:\Windows\System32\wship6.dll
0x000007fef1a60000 - 0x000007fef1a73000 	C:\Program Files\Android\Android Studio\jre\jre\bin\nio.dll
0x000007feef300000 - 0x000007feef31e000 	C:\Users\Administrator\.gradle\native\25\windows-amd64\native-platform.dll
0x000007fef75d0000 - 0x000007fef75dd000 	C:\Program Files\Android\Android Studio\jre\jre\bin\management.dll
0x000007fefd3d0000 - 0x000007fefd3e8000 	C:\Windows\system32\CRYPTSP.dll
0x000007fefd0d0000 - 0x000007fefd117000 	C:\Windows\system32\rsaenh.dll
0x000007fefce80000 - 0x000007fefce9e000 	C:\Windows\system32\USERENV.dll
0x000007fefda30000 - 0x000007fefda3f000 	C:\Windows\system32\CRYPTBASE.dll
0x000007fefb260000 - 0x000007fefb287000 	C:\Windows\system32\IPHLPAPI.DLL
0x000007fefb250000 - 0x000007fefb25b000 	C:\Windows\system32\WINNSI.DLL
0x000007fef9e50000 - 0x000007fef9e61000 	C:\Windows\system32\dhcpcsvc6.DLL
0x000007fef9e30000 - 0x000007fef9e48000 	C:\Windows\system32\dhcpcsvc.DLL

VM Arguments:
jvm_args: -Xmx1536m -Dfile.encoding=GBK -Duser.country=CN -Duser.language=zh -Duser.variant 
java_command: org.gradle.launcher.daemon.bootstrap.GradleDaemon 4.6
java_class_path (initial): C:\Users\Administrator\.gradle\wrapper\dists\gradle-4.6-all\bcst21l2brirad8k2ben1letg\gradle-4.6\lib\gradle-launcher-4.6.jar
Launcher Type: SUN_STANDARD

Environment Variables:
JAVA_HOME=C:\Program Files\Java\jdk-15.0.1
CLASSPATH= .;C:\Program Files\Java\jdk-15.0.1\lib;C:\Program Files\Java\jdk-15.0.1\lib\tools.jar
PATH=C:\Program Files\Common Files\Oracle\Java\javapath;C:\Windows\system32;C:\Windows;C:\Windows\System32\Wbem;C:\Windows\System32\WindowsPowerShell\v1.0\;C:\Program Files\Java\jdk-15.0.1\bin;C:\Program Files\Java\jdk-15.0.1\jre\bin;C:\Program Files\Git\cmd
USERNAME=Administrator
OS=Windows_NT
PROCESSOR_IDENTIFIER=Intel64 Family 6 Model 60 Stepping 3, GenuineIntel



---------------  S Y S T E M  ---------------

OS: Windows 7 , 64 bit Build 7601 (6.1.7601.23418)

CPU:total 4 (initial active 4) (4 cores per cpu, 1 threads per core) family 6 model 60 stepping 3, cmov, cx8, fxsr, mmx, sse, sse2, sse3, ssse3, sse4.1, sse4.2, popcnt, avx, avx2, aes, clmul, erms, lzcnt, tsc, tscinvbit, bmi1, bmi2

Memory: 4k page, physical 7819368k(505800k free), swap 7819368k(5892k free)

vm_info: OpenJDK 64-Bit Server VM (25.242-b01) for windows-amd64 JRE (1.8.0_242-release-1644-b01), built by "builder" with MS VC++ 10.0 (VS2010)

time: Mon Nov 30 14:41:47 2020
timezone: 中国标准时间
elapsed time: 4 seconds (0d 0h 0m 4s)

